> Task :checkKotlinGradlePluginConfigurationErrors
> Task :processResources

> Task :compileKotlin
w: file:///Users/SYPI/Documents/Projects/spring-resilience-app/src/main/kotlin/com/example/springresilienceapp/controller/TestController.kt:62:13 Variable 'results' is never used

> Task :compileJava NO-SOURCE
> Task :classes
> Task :resolveMainClassName

> Task :bootRun

  .   ____          _            __ _ _
 /\\ / ___'_ __ _ _(_)_ __  __ _ \ \ \ \
( ( )\___ | '_ | '_| | '_ \/ _` | \ \ \ \
 \\/  ___)| |_)| | | | | || (_| |  ) ) ) )
  '  |____| .__|_| |_|_| |_\__, | / / / /
 =========|_|==============|___/=/_/_/_/

[32m :: Spring Boot :: [39m              [2m (v3.5.4)[0;39m

2025-08-07 12:52:37 [main] INFO  c.e.s.SpringResilienceAppApplicationKt - Starting SpringResilienceAppApplicationKt using Java 21.0.2 with PID 72255 (/Users/SYPI/Documents/Projects/spring-resilience-app/build/classes/kotlin/main started by SYPI in /Users/SYPI/Documents/Projects/spring-resilience-app)
2025-08-07 12:52:37 [main] INFO  c.e.s.SpringResilienceAppApplicationKt - No active profile set, falling back to 1 default profile: "default"
2025-08-07 12:52:39 [main] DEBUG i.g.r.s.u.AspectJOnClasspathCondition - Aspects are not activated because AspectJ is not on the classpath.
2025-08-07 12:52:39 [main] DEBUG i.g.r.s.u.AspectJOnClasspathCondition - Aspects are not activated because AspectJ is not on the classpath.
2025-08-07 12:52:39 [main] DEBUG i.g.r.s.u.RxJava2OnClasspathCondition - RxJava2 related Aspect extensions are not activated, because RxJava2 is not on the classpath.
2025-08-07 12:52:39 [main] DEBUG i.g.r.s.u.ReactorOnClasspathCondition - Reactor related Aspect extensions are not activated because Resilience4j Reactor module is not on the classpath.
2025-08-07 12:52:39 [main] DEBUG i.g.r.s.u.AspectJOnClasspathCondition - Aspects are not activated because AspectJ is not on the classpath.
2025-08-07 12:52:39 [main] DEBUG i.g.r.s.u.RxJava2OnClasspathCondition - RxJava2 related Aspect extensions are not activated, because RxJava2 is not on the classpath.
2025-08-07 12:52:39 [main] DEBUG i.g.r.s.u.ReactorOnClasspathCondition - Reactor related Aspect extensions are not activated because Resilience4j Reactor module is not on the classpath.
2025-08-07 12:52:39 [main] DEBUG i.g.r.s.u.AspectJOnClasspathCondition - Aspects are not activated because AspectJ is not on the classpath.
2025-08-07 12:52:39 [main] DEBUG i.g.r.s.u.RxJava2OnClasspathCondition - RxJava2 related Aspect extensions are not activated, because RxJava2 is not on the classpath.
2025-08-07 12:52:39 [main] DEBUG i.g.r.s.u.ReactorOnClasspathCondition - Reactor related Aspect extensions are not activated because Resilience4j Reactor module is not on the classpath.
2025-08-07 12:52:39 [main] DEBUG i.g.r.s.u.AspectJOnClasspathCondition - Aspects are not activated because AspectJ is not on the classpath.
2025-08-07 12:52:39 [main] DEBUG i.g.r.s.u.RxJava2OnClasspathCondition - RxJava2 related Aspect extensions are not activated, because RxJava2 is not on the classpath.
2025-08-07 12:52:39 [main] DEBUG i.g.r.s.u.ReactorOnClasspathCondition - Reactor related Aspect extensions are not activated because Resilience4j Reactor module is not on the classpath.
2025-08-07 12:52:39 [main] DEBUG i.g.r.s.u.AspectJOnClasspathCondition - Aspects are not activated because AspectJ is not on the classpath.
2025-08-07 12:52:39 [main] DEBUG i.g.r.s.u.RxJava2OnClasspathCondition - RxJava2 related Aspect extensions are not activated, because RxJava2 is not on the classpath.
2025-08-07 12:52:39 [main] DEBUG i.g.r.s.u.ReactorOnClasspathCondition - Reactor related Aspect extensions are not activated because Resilience4j Reactor module is not on the classpath.
2025-08-07 12:52:39 [main] DEBUG i.g.r.s.u.AspectJOnClasspathCondition - Aspects are not activated because AspectJ is not on the classpath.
2025-08-07 12:52:39 [main] DEBUG i.g.r.s.u.RxJava2OnClasspathCondition - RxJava2 related Aspect extensions are not activated, because RxJava2 is not on the classpath.
2025-08-07 12:52:39 [main] DEBUG i.g.r.s.u.ReactorOnClasspathCondition - Reactor related Aspect extensions are not activated because Resilience4j Reactor module is not on the classpath.
2025-08-07 12:52:39 [main] DEBUG i.g.r.s.u.AspectJOnClasspathCondition - Aspects are not activated because AspectJ is not on the classpath.
2025-08-07 12:52:39 [main] DEBUG i.g.r.s.u.RxJava2OnClasspathCondition - RxJava2 related Aspect extensions are not activated, because RxJava2 is not on the classpath.
2025-08-07 12:52:39 [main] DEBUG i.g.r.s.u.ReactorOnClasspathCondition - Reactor related Aspect extensions are not activated because Resilience4j Reactor module is not on the classpath.
2025-08-07 12:52:39 [main] INFO  o.s.b.w.e.tomcat.TomcatWebServer - Tomcat initialized with port 8081 (http)
2025-08-07 12:52:39 [main] INFO  o.a.catalina.core.StandardService - Starting service [Tomcat]
2025-08-07 12:52:39 [main] INFO  o.a.catalina.core.StandardEngine - Starting Servlet engine: [Apache Tomcat/10.1.43]
2025-08-07 12:52:39 [main] INFO  o.a.c.c.C.[Tomcat].[localhost].[/] - Initializing Spring embedded WebApplicationContext
2025-08-07 12:52:39 [main] INFO  o.s.b.w.s.c.ServletWebServerApplicationContext - Root WebApplicationContext: initialization completed in 1591 ms
2025-08-07 12:52:40 [main] INFO  o.s.b.a.e.web.EndpointLinksResolver - Exposing 6 endpoints beneath base path '/actuator'
2025-08-07 12:52:40 [main] INFO  o.s.b.w.e.tomcat.TomcatWebServer - Tomcat started on port 8081 (http) with context path '/'
2025-08-07 12:52:40 [main] INFO  c.e.s.SpringResilienceAppApplicationKt - Started SpringResilienceAppApplicationKt in 2.336 seconds (process running for 2.62)
2025-08-07 12:53:03 [http-nio-8081-exec-1] INFO  o.a.c.c.C.[Tomcat].[localhost].[/] - Initializing Spring DispatcherServlet 'dispatcherServlet'
2025-08-07 12:53:03 [http-nio-8081-exec-1] INFO  o.s.web.servlet.DispatcherServlet - Initializing Servlet 'dispatcherServlet'
2025-08-07 12:53:03 [http-nio-8081-exec-1] INFO  o.s.web.servlet.DispatcherServlet - Completed initialization in 3 ms
2025-08-07 12:53:03 [http-nio-8081-exec-1] INFO  c.e.s.s.TestCircuitBreakerService - Calling test service for: test-0
2025-08-07 12:53:03 [http-nio-8081-exec-1] INFO  c.e.s.s.TestCircuitBreakerService - Calling test service for: test-1
2025-08-07 12:53:03 [http-nio-8081-exec-1] INFO  c.e.s.s.TestCircuitBreakerService - Calling test service for: test-2
2025-08-07 12:53:03 [http-nio-8081-exec-1] INFO  c.e.s.s.TestCircuitBreakerService - Calling test service for: test-3
2025-08-07 12:53:04 [http-nio-8081-exec-1] INFO  c.e.s.s.TestCircuitBreakerService - Calling test service for: test-4
2025-08-07 12:53:04 [http-nio-8081-exec-1] INFO  c.e.s.s.TestCircuitBreakerService - Calling test service for: test-5
2025-08-07 12:53:04 [http-nio-8081-exec-1] INFO  c.e.s.s.TestCircuitBreakerService - Calling test service for: test-6
2025-08-07 12:53:04 [http-nio-8081-exec-1] INFO  c.e.s.s.TestCircuitBreakerService - Calling test service for: test-7
2025-08-07 12:53:04 [http-nio-8081-exec-1] INFO  c.e.s.s.TestCircuitBreakerService - Calling test service for: test-8
2025-08-07 12:53:04 [http-nio-8081-exec-1] INFO  c.e.s.s.TestCircuitBreakerService - Calling test service for: test-9
2025-08-07 12:53:05 [http-nio-8081-exec-1] INFO  c.e.s.s.TestCircuitBreakerService - Calling test service with fallback for: test-0
2025-08-07 12:53:05 [http-nio-8081-exec-1] INFO  c.e.s.s.TestCircuitBreakerService - Calling test service with fallback for: test-1
2025-08-07 12:53:05 [http-nio-8081-exec-1] ERROR o.a.c.c.C.[.[.[.[dispatcherServlet] - Servlet.service() for servlet [dispatcherServlet] in context with path [] threw exception [Request processing failed: java.lang.RuntimeException: Test service failed for test-1] with root cause
java.lang.RuntimeException: Test service failed for test-1
	at com.example.springresilienceapp.service.TestCircuitBreakerService.callTestServiceWithFallback(TestCircuitBreakerService.kt:36)
	at com.example.springresilienceapp.controller.TestController.loadTest(TestController.kt:79)
	at java.base/jdk.internal.reflect.DirectMethodHandleAccessor.invoke(DirectMethodHandleAccessor.java:103)
	at java.base/java.lang.reflect.Method.invoke(Method.java:580)
	at kotlin.reflect.jvm.internal.calls.CallerImpl$Method.callMethod(CallerImpl.kt:97)
	at kotlin.reflect.jvm.internal.calls.CallerImpl$Method$Instance.call(CallerImpl.kt:113)
	at kotlin.reflect.jvm.internal.KCallableImpl.callDefaultMethod$kotlin_reflection(KCallableImpl.kt:207)
	at kotlin.reflect.jvm.internal.KCallableImpl.callBy(KCallableImpl.kt:112)
	at org.springframework.web.method.support.InvocableHandlerMethod$KotlinDelegate.invokeFunction(InvocableHandlerMethod.java:335)
	at org.springframework.web.method.support.InvocableHandlerMethod.doInvoke(InvocableHandlerMethod.java:255)
	at org.springframework.web.method.support.InvocableHandlerMethod.invokeForRequest(InvocableHandlerMethod.java:191)
	at org.springframework.web.servlet.mvc.method.annotation.ServletInvocableHandlerMethod.invokeAndHandle(ServletInvocableHandlerMethod.java:118)
	at org.springframework.web.servlet.mvc.method.annotation.RequestMappingHandlerAdapter.invokeHandlerMethod(RequestMappingHandlerAdapter.java:991)
	at org.springframework.web.servlet.mvc.method.annotation.RequestMappingHandlerAdapter.handleInternal(RequestMappingHandlerAdapter.java:896)
	at org.springframework.web.servlet.mvc.method.AbstractHandlerMethodAdapter.handle(AbstractHandlerMethodAdapter.java:87)
	at org.springframework.web.servlet.DispatcherServlet.doDispatch(DispatcherServlet.java:1089)
	at org.springframework.web.servlet.DispatcherServlet.doService(DispatcherServlet.java:979)
	at org.springframework.web.servlet.FrameworkServlet.processRequest(FrameworkServlet.java:1014)
	at org.springframework.web.servlet.FrameworkServlet.doPost(FrameworkServlet.java:914)
	at jakarta.servlet.http.HttpServlet.service(HttpServlet.java:590)
	at org.springframework.web.servlet.FrameworkServlet.service(FrameworkServlet.java:885)
	at jakarta.servlet.http.HttpServlet.service(HttpServlet.java:658)
	at org.apache.catalina.core.ApplicationFilterChain.internalDoFilter(ApplicationFilterChain.java:195)
	at org.apache.catalina.core.ApplicationFilterChain.doFilter(ApplicationFilterChain.java:140)
	at org.apache.tomcat.websocket.server.WsFilter.doFilter(WsFilter.java:51)
	at org.apache.catalina.core.ApplicationFilterChain.internalDoFilter(ApplicationFilterChain.java:164)
	at org.apache.catalina.core.ApplicationFilterChain.doFilter(ApplicationFilterChain.java:140)
	at org.springframework.web.filter.RequestContextFilter.doFilterInternal(RequestContextFilter.java:100)
	at org.springframework.web.filter.OncePerRequestFilter.doFilter(OncePerRequestFilter.java:116)
	at org.apache.catalina.core.ApplicationFilterChain.internalDoFilter(ApplicationFilterChain.java:164)
	at org.apache.catalina.core.ApplicationFilterChain.doFilter(ApplicationFilterChain.java:140)
	at org.springframework.web.filter.FormContentFilter.doFilterInternal(FormContentFilter.java:93)
	at org.springframework.web.filter.OncePerRequestFilter.doFilter(OncePerRequestFilter.java:116)
	at org.apache.catalina.core.ApplicationFilterChain.internalDoFilter(ApplicationFilterChain.java:164)
	at org.apache.catalina.core.ApplicationFilterChain.doFilter(ApplicationFilterChain.java:140)
	at org.springframework.web.filter.ServerHttpObservationFilter.doFilterInternal(ServerHttpObservationFilter.java:110)
	at org.springframework.web.filter.OncePerRequestFilter.doFilter(OncePerRequestFilter.java:116)
	at org.apache.catalina.core.ApplicationFilterChain.internalDoFilter(ApplicationFilterChain.java:164)
	at org.apache.catalina.core.ApplicationFilterChain.doFilter(ApplicationFilterChain.java:140)
	at org.springframework.web.filter.CharacterEncodingFilter.doFilterInternal(CharacterEncodingFilter.java:201)
	at org.springframework.web.filter.OncePerRequestFilter.doFilter(OncePerRequestFilter.java:116)
	at org.apache.catalina.core.ApplicationFilterChain.internalDoFilter(ApplicationFilterChain.java:164)
	at org.apache.catalina.core.ApplicationFilterChain.doFilter(ApplicationFilterChain.java:140)
	at org.apache.catalina.core.StandardWrapperValve.invoke(StandardWrapperValve.java:167)
	at org.apache.catalina.core.StandardContextValve.invoke(StandardContextValve.java:90)
	at org.apache.catalina.authenticator.AuthenticatorBase.invoke(AuthenticatorBase.java:483)
	at org.apache.catalina.core.StandardHostValve.invoke(StandardHostValve.java:116)
	at org.apache.catalina.valves.ErrorReportValve.invoke(ErrorReportValve.java:93)
	at org.apache.catalina.core.StandardEngineValve.invoke(StandardEngineValve.java:74)
	at org.apache.catalina.connector.CoyoteAdapter.service(CoyoteAdapter.java:344)
	at org.apache.coyote.http11.Http11Processor.service(Http11Processor.java:398)
	at org.apache.coyote.AbstractProcessorLight.process(AbstractProcessorLight.java:63)
	at org.apache.coyote.AbstractProtocol$ConnectionHandler.process(AbstractProtocol.java:903)
	at org.apache.tomcat.util.net.NioEndpoint$SocketProcessor.doRun(NioEndpoint.java:1769)
	at org.apache.tomcat.util.net.SocketProcessorBase.run(SocketProcessorBase.java:52)
	at org.apache.tomcat.util.threads.ThreadPoolExecutor.runWorker(ThreadPoolExecutor.java:1189)
	at org.apache.tomcat.util.threads.ThreadPoolExecutor$Worker.run(ThreadPoolExecutor.java:658)
	at org.apache.tomcat.util.threads.TaskThread$WrappingRunnable.run(TaskThread.java:63)
	at java.base/java.lang.Thread.run(Thread.java:1583)
2025-08-07 12:53:41 [http-nio-8081-exec-10] INFO  c.e.s.s.TestCircuitBreakerService - Calling test service for: test1
2025-08-07 12:53:41 [http-nio-8081-exec-1] INFO  c.e.s.s.TestCircuitBreakerService - Calling test service for: test2
2025-08-07 12:53:42 [http-nio-8081-exec-2] INFO  c.e.s.s.TestCircuitBreakerService - Calling test service for: test3
2025-08-07 12:53:42 [http-nio-8081-exec-3] INFO  c.e.s.s.TestCircuitBreakerService - Calling test service for: test4
2025-08-07 12:53:42 [http-nio-8081-exec-4] INFO  c.e.s.s.TestCircuitBreakerService - Calling test service for: test5
2025-08-07 12:53:42 [http-nio-8081-exec-5] INFO  c.e.s.s.TestCircuitBreakerService - Calling test service for: test6
2025-08-07 12:53:42 [http-nio-8081-exec-6] INFO  c.e.s.s.TestCircuitBreakerService - Calling test service for: test7
2025-08-07 12:53:43 [http-nio-8081-exec-7] INFO  c.e.s.s.TestCircuitBreakerService - Calling test service for: test8
2025-08-07 12:53:54 [SpringApplicationShutdownHook] INFO  o.s.b.w.e.tomcat.GracefulShutdown - Commencing graceful shutdown. Waiting for active requests to complete
2025-08-07 12:53:54 [tomcat-shutdown] INFO  o.s.b.w.e.tomcat.GracefulShutdown - Graceful shutdown complete

> Task :bootRun FAILED

[Incubating] Problems report is available at: file:///Users/SYPI/Documents/Projects/spring-resilience-app/build/reports/problems/problems-report.html

FAILURE: Build failed with an exception.

* What went wrong:
Execution failed for task ':bootRun'.
> Process 'command '/Users/SYPI/Library/Java/JavaVirtualMachines/graalvm-ce-21.0.2/Contents/Home/bin/java'' finished with non-zero exit value 143

* Try:
> Run with --stacktrace option to get the stack trace.
> Run with --info or --debug option to get more log output.
> Run with --scan to get full insights.
> Get more help at https://help.gradle.org.

Deprecated Gradle features were used in this build, making it incompatible with Gradle 9.0.

You can use '--warning-mode all' to show the individual deprecation warnings and determine if they come from your own scripts or plugins.

For more on this, please refer to https://docs.gradle.org/8.14.3/userguide/command_line_interface.html#sec:command_line_warnings in the Gradle documentation.

BUILD FAILED in 1m 18s
5 actionable tasks: 5 executed
